<?xml version="1.0" encoding="UTF-8"?>
<testng-results ignored="1" total="2" passed="1" failed="0" skipped="0">
  <reporter-output>
  </reporter-output>
  <suite started-at="2021-06-29T09:40:10 IST" name="Suite" finished-at="2021-06-29T09:40:10 IST" duration-ms="50">
    <groups>
    </groups>
    <test started-at="2021-06-29T09:40:10 IST" name="Test" finished-at="2021-06-29T09:40:10 IST" duration-ms="50">
      <class name="Annotations">
        <test-method is-config="true" signature="beforeSuite()[pri:0, instance:Annotations@470f1802]" started-at="2021-06-29T09:40:10 IST" name="beforeSuite" finished-at="2021-06-29T09:40:10 IST" duration-ms="7" status="PASS">
          <reporter-output>
          </reporter-output>
        </test-method> <!-- beforeSuite -->
        <test-method is-config="true" signature="beforeTest()[pri:0, instance:Annotations@470f1802]" started-at="2021-06-29T09:40:10 IST" name="beforeTest" finished-at="2021-06-29T09:40:10 IST" duration-ms="1" status="PASS">
          <reporter-output>
          </reporter-output>
        </test-method> <!-- beforeTest -->
        <test-method is-config="true" signature="beforeClass()[pri:0, instance:Annotations@470f1802]" started-at="2021-06-29T09:40:10 IST" name="beforeClass" finished-at="2021-06-29T09:40:10 IST" duration-ms="0" status="PASS">
          <reporter-output>
          </reporter-output>
        </test-method> <!-- beforeClass -->
        <test-method is-config="true" signature="beforeMethod()[pri:0, instance:Annotations@470f1802]" started-at="2021-06-29T09:40:10 IST" name="beforeMethod" finished-at="2021-06-29T09:40:10 IST" duration-ms="0" status="PASS">
          <reporter-output>
          </reporter-output>
        </test-method> <!-- beforeMethod -->
        <test-method signature="first()[pri:0, instance:Annotations@470f1802]" started-at="2021-06-29T09:40:10 IST" name="first" finished-at="2021-06-29T09:40:10 IST" duration-ms="7" status="PASS">
          <reporter-output>
          </reporter-output>
        </test-method> <!-- first -->
        <test-method is-config="true" signature="afterMethod()[pri:0, instance:Annotations@470f1802]" started-at="2021-06-29T09:40:10 IST" name="afterMethod" finished-at="2021-06-29T09:40:10 IST" duration-ms="0" status="PASS">
          <reporter-output>
          </reporter-output>
        </test-method> <!-- afterMethod -->
        <test-method is-config="true" signature="afterClass()[pri:0, instance:Annotations@470f1802]" started-at="2021-06-29T09:40:10 IST" name="afterClass" finished-at="2021-06-29T09:40:10 IST" duration-ms="0" status="PASS">
          <reporter-output>
          </reporter-output>
        </test-method> <!-- afterClass -->
        <test-method is-config="true" signature="afterTest()[pri:0, instance:Annotations@470f1802]" started-at="2021-06-29T09:40:10 IST" name="afterTest" finished-at="2021-06-29T09:40:10 IST" duration-ms="1" status="PASS">
          <reporter-output>
          </reporter-output>
        </test-method> <!-- afterTest -->
        <test-method is-config="true" signature="afterSuite()[pri:0, instance:Annotations@470f1802]" started-at="2021-06-29T09:40:10 IST" name="afterSuite" finished-at="2021-06-29T09:40:10 IST" duration-ms="1" status="PASS">
          <reporter-output>
          </reporter-output>
        </test-method> <!-- afterSuite -->
      </class> <!-- Annotations -->
    </test> <!-- Test -->
  </suite> <!-- Suite -->
</testng-results>
